2024-10-24 14:03:25,235 - inventario - INFO - Iniciando servicio de inventario
2024-10-24 14:03:25,431 - inventario - INFO - Iniciando servicio de inventario
2024-10-24 14:22:56,593 - inventario - INFO - Iniciando servicio de inventario
2024-10-24 14:22:59,868 - inventario - INFO - Iniciando servicio de inventario
2024-10-24 15:03:01,476 - inventario - INFO - Iniciando servicio de inventario
2024-10-24 15:03:01,699 - inventario - INFO - Iniciando servicio de inventario
2024-10-25 14:23:46,241 - inventario - INFO - Iniciando servicio de inventario
2024-10-25 14:23:46,461 - inventario - INFO - Iniciando servicio de inventario
2024-10-25 14:30:06,406 - inventario - INFO - Iniciando servicio de inventario
2024-10-25 14:30:08,720 - inventario - INFO - Iniciando servicio de inventario
2024-10-25 15:06:22,404 - inventario - INFO - Iniciando servicio de inventario
2024-10-25 15:12:13,110 - inventario - INFO - Iniciando servicio de inventario
2024-10-25 15:12:13,322 - inventario - INFO - Iniciando servicio de inventario
2024-10-25 15:41:45,178 - inventario - INFO - Iniciando servicio de inventario
2024-10-25 15:50:41,599 - inventario - INFO - Iniciando servicio de inventario
2024-10-25 15:50:45,950 - inventario - INFO - Iniciando servicio de inventario
2024-10-25 15:50:51,312 - inventario - INFO - Iniciando servicio de inventario
2024-10-25 15:51:04,789 - inventario - INFO - Iniciando servicio de inventario
2024-10-25 15:51:16,196 - inventario - INFO - Iniciando servicio de inventario
2024-10-25 15:51:19,512 - inventario - INFO - Iniciando servicio de inventario
2024-10-25 15:51:22,855 - inventario - INFO - Iniciando servicio de inventario
2024-10-25 15:51:36,261 - inventario - INFO - Iniciando servicio de inventario
2024-10-25 15:51:46,644 - inventario - INFO - Iniciando servicio de inventario
2024-10-25 15:51:48,954 - inventario - INFO - Iniciando servicio de inventario
2024-10-25 15:51:52,258 - inventario - INFO - Iniciando servicio de inventario
2024-10-25 15:51:58,607 - inventario - INFO - Iniciando servicio de inventario
2024-10-25 15:52:03,031 - inventario - INFO - Iniciando servicio de inventario
2024-10-25 15:52:22,531 - inventario - INFO - Iniciando servicio de inventario
2024-10-25 15:52:32,929 - inventario - INFO - Iniciando servicio de inventario
2024-10-25 15:52:48,364 - inventario - INFO - Iniciando servicio de inventario
2024-10-25 16:13:03,465 - inventario - INFO - Intentando publicar mensaje: crear:3
2024-10-25 16:13:03,494 - inventario - INFO - Mensaje publicado exitosamente
2024-10-25 18:26:06,162 - inventario - INFO - Iniciando servicio de inventario
2024-10-25 18:26:06,357 - inventario - INFO - Iniciando servicio de inventario
2024-10-25 18:33:52,087 - inventario - INFO - Iniciando servicio de inventario
2024-10-25 18:33:52,287 - inventario - INFO - Iniciando servicio de inventario
2024-10-25 19:06:42,555 - inventario - INFO - Iniciando servicio de inventario
2024-10-25 19:06:42,777 - inventario - INFO - Iniciando servicio de inventario
2024-10-28 09:40:21,200 - inventario - INFO - Iniciando servicio de inventario
2024-10-28 09:40:21,397 - inventario - INFO - Iniciando servicio de inventario
2024-10-28 09:45:38,390 - inventario - INFO - Iniciando servicio de inventario
2024-10-28 09:46:04,169 - consumir_inventario - INFO - Esperando mensajes de la cola 'productos_queue'...
2024-10-28 09:58:32,813 - consumir_inventario - ERROR - Error al procesar el mensaje crear:3: no such table: productos
2024-10-28 10:00:44,785 - consumir_inventario - INFO - Esperando mensajes de la cola 'productos_queue'...
2024-10-28 10:00:44,786 - consumir_inventario - ERROR - Error al procesar el mensaje crear:4: no such table: productos
2024-10-28 10:13:45,843 - consumir_inventario - INFO - Esperando mensajes de la cola 'productos_queue'...
2024-10-28 10:17:01,138 - consumir_inventario - ERROR - Error al procesar el mensaje crear:1: no such table: productos
2024-10-28 10:37:11,667 - consumir_inventario - INFO - Esperando mensajes de la cola 'productos_queue'...
2024-10-28 10:37:28,400 - consumir_inventario - ERROR - Error al procesar el mensaje crear:2: no such table: productos
2024-10-28 10:57:18,301 - consumir_inventario - INFO - Esperando mensajes de la cola 'productos_queue'...
2024-10-28 10:57:38,950 - inventario - INFO - Iniciando servicio de inventario
2024-10-28 10:57:39,152 - inventario - INFO - Iniciando servicio de inventario
2024-10-28 10:57:43,973 - consumir_inventario - ERROR - Error al procesar el mensaje crear:3: no such table: productos
2024-10-28 11:07:47,501 - inventario - INFO - Iniciando servicio de inventario
2024-10-28 11:09:23,548 - inventario - INFO - Iniciando servicio de inventario
2024-10-28 11:09:23,748 - inventario - INFO - Iniciando servicio de inventario
2024-10-31 09:28:10,097 - inventario - INFO - Iniciando servicio de inventario
2024-10-31 09:28:10,307 - inventario - INFO - Iniciando servicio de inventario
2024-10-31 09:38:24,481 - inventario - INFO - Iniciando servicio de inventario
2024-10-31 10:43:59,703 - inventario - INFO - Iniciando servicio de inventario
2024-10-31 10:43:59,717 - inventario - INFO - Esperando mensajes en la cola 'productos_queue'...
2024-10-31 10:43:59,910 - inventario - INFO - Iniciando servicio de inventario
2024-10-31 10:43:59,922 - inventario - INFO - Esperando mensajes en la cola 'productos_queue'...
2024-10-31 13:21:37,210 - inventario - INFO - Iniciando servicio de inventario
2024-10-31 13:21:37,227 - inventario - INFO - Esperando mensajes en la cola 'productos_queue'...
2024-10-31 13:22:37,907 - inventario - INFO - Iniciando servicio de inventario
2024-10-31 13:22:37,922 - inventario - INFO - Esperando mensajes en la cola 'productos_queue'...
2024-10-31 13:22:39,196 - inventario - INFO - Iniciando servicio de inventario
2024-10-31 13:22:39,210 - inventario - INFO - Esperando mensajes en la cola 'productos_queue'...
2024-10-31 13:22:41,530 - inventario - INFO - Iniciando servicio de inventario
2024-10-31 13:22:41,544 - inventario - INFO - Esperando mensajes en la cola 'productos_queue'...
2024-10-31 13:45:57,528 - inventario - INFO - Iniciando servicio de inventario
2024-10-31 13:45:57,542 - inventario - INFO - Esperando mensajes en la cola 'productos_queue'...
2024-10-31 13:45:59,801 - inventario - INFO - Iniciando servicio de inventario
2024-10-31 13:45:59,814 - inventario - INFO - Esperando mensajes en la cola 'productos_queue'...
2024-10-31 13:52:47,971 - inventario - INFO - Iniciando servicio de inventario
2024-10-31 13:52:47,987 - inventario - INFO - Esperando mensajes en la cola 'productos_queue'...
2024-10-31 14:12:39,647 - inventario - INFO - Iniciando servicio de inventario
2024-10-31 14:12:39,656 - inventario - INFO - Esperando mensajes en la cola 'productos_queue'...
2024-10-31 14:12:39,857 - inventario - INFO - Iniciando servicio de inventario
2024-10-31 14:12:39,875 - inventario - INFO - Esperando mensajes en la cola 'productos_queue'...
2024-10-31 14:13:13,949 - inventario - INFO - Iniciando servicio de inventario
2024-10-31 14:13:13,961 - inventario - INFO - Esperando mensajes en la cola 'productos_queue'...
2024-10-31 14:13:14,151 - inventario - INFO - Iniciando servicio de inventario
2024-10-31 14:13:14,164 - inventario - INFO - Esperando mensajes en la cola 'productos_queue'...
2024-10-31 14:23:27,672 - inventario - INFO - Iniciando servicio de inventario
2024-10-31 14:23:27,684 - inventario - INFO - Esperando mensajes en la cola 'productos_queue'...
2024-10-31 14:23:27,876 - inventario - INFO - Iniciando servicio de inventario
2024-10-31 14:23:27,887 - inventario - INFO - Esperando mensajes en la cola 'productos_queue'...
2024-10-31 14:25:38,659 - inventario - INFO - Iniciando servicio de inventario
2024-10-31 14:25:38,669 - inventario - INFO - Esperando mensajes en la cola 'productos_queue'...
2024-10-31 14:25:38,863 - inventario - INFO - Iniciando servicio de inventario
2024-10-31 14:25:38,875 - inventario - INFO - Esperando mensajes en la cola 'productos_queue'...
